2026-03-04 15:20:27,662 | INFO | ======================================================================
2026-03-04 15:20:27,663 | INFO | ZERODHA KITE TRADING BOT - STARTING
2026-03-04 15:20:27,663 | INFO | ======================================================================
2026-03-04 15:20:27,669 | INFO | [OK] Connected to Zerodha Kite API
2026-03-04 15:20:27,670 | INFO | 
[CONFIG] Stock: HDFCBANK
2026-03-04 15:20:27,670 | INFO | [CONFIG] Quantity: 1 shares
2026-03-04 15:20:27,670 | INFO | [CONFIG] Upper Circuit: 20%
2026-03-04 15:20:27,670 | INFO | [CONFIG] Lower Circuit: 20%
2026-03-04 15:20:27,670 | INFO | [CONFIG] Stop Loss: 2%
2026-03-04 15:20:27,670 | INFO | [CONFIG] Take Profit: 5%
2026-03-04 15:20:27,670 | WARNING | 
[WARNING] TEST MODE ENABLED - No real trades will be placed
2026-03-04 15:20:27,670 | INFO | ======================================================================

2026-03-04 15:20:27,671 | INFO | [RUNNING] Monitoring HDFCBANK for circuit breakers...
2026-03-04 15:20:27,671 | INFO | [RUNNING] Trading hours: 9:15 - 14:15
2026-03-04 15:20:27,671 | INFO | [RUNNING] Press Ctrl+C to stop

2026-03-04 15:21:02,904 | INFO | 

[STOPPED] Bot stopped by user
2026-03-04 15:21:02,905 | INFO | ======================================================================
